  094_BinaryTreeInorderTraversal.cpp
  095_UniqueBinarySearchTreesII.cpp
  096_UniqueBinarySearchTrees.cpp
  098_ValidateBinarySearchTree.cpp
  100_SameTree.cpp
  101_SymmetricTree.cpp
  102_BinaryTreeLevelOrderTraversal.cpp
  103_BinaryTreeZigzagLevelOrderTraversal.cpp
  104_MaximumDepthOfBinaryTree.cpp
  105_ConstructBinaryTreefromPreorderandInorderTraversal.cpp
  106_ConstructBinaryTreeFromInorderAndPostorderTraversal.cpp
  107_BinaryTreeLevelOrderTraversalII.cpp
  108_ConvertSortedArrayToBinarySearchTree.cpp
  109_ConvertSortedListToBinarySearchTree.cpp
  110_Balanced Binary Tree.cpp
  112_PathSum.cpp
  113_PathSumII.cpp
  114_FlattenBinaryTreeToLinkedList.cpp
  116_PopulatingNextRightPointersInEachNode.cpp
  117_PopulatingNextRightPointersInEachNodeII.cpp
  Generating Code...
  Compiling...
  124_BinaryTreeMaximumPathSum.cpp
  129_SumRootToLeafNumbers.cpp
  144_BinaryTreePreorderTraversal.cpp
  145_BinaryTreePostorderTraversal.cpp
  173_BinarySearchTreeIterator.cpp
  199_ BinaryTreeRightSideView.cpp
  222_CountCompleteTreeNodes.cpp
  230_KthSmallestElementinaBST.cpp
  235_LowestCommonAncestorOfABinarySearchTree.cpp
  236_LowestCommonAncestorOfABinaryTree.cpp
  257_BinaryTreePaths.cpp
  297_SerializeAndDeserializeBinaryTree.cpp
  331_VerifyPreorderSerializationofaBinaryTree.cpp
  337_HouseRobberIII.cpp
  404_SumOfLeftTree.cpp
  437_PathSumIII.cpp
  449_SerializeAndDeserializeBST.cpp
  450_DeleteANodeInABST.cpp
  99_RecoverBinarySearchTree.cpp
  Generating Code...
  Tree.vcxproj -> D:\dev\Projects\GitWorkspace\LeetCode\Array\Debug\Tree.exe
