d:\project\gitworkspace\leetcode\array\array\debug\vc141.pdb
d:\project\gitworkspace\leetcode\array\array\debug\vc141.idb
d:\project\gitworkspace\leetcode\array\array\debug\001_twosum.obj
d:\project\gitworkspace\leetcode\array\array\debug\004_medianoftwosortedarrays.obj
d:\project\gitworkspace\leetcode\array\array\debug\011_containerwithmostwater.obj
d:\project\gitworkspace\leetcode\array\array\debug\015_3sum.obj
d:\project\gitworkspace\leetcode\array\array\debug\016_3sumclosest.obj
d:\project\gitworkspace\leetcode\array\array\debug\018_4sum.obj
d:\project\gitworkspace\leetcode\array\array\debug\026_removeduplicatesfromsortedarray.obj
d:\project\gitworkspace\leetcode\array\array\debug\027_removeelement.obj
d:\project\gitworkspace\leetcode\array\array\debug\031_nextpermutation.obj
d:\project\gitworkspace\leetcode\array\array\debug\033_searchinrotatedsortedarray.obj
d:\project\gitworkspace\leetcode\array\array\debug\034_searchforarange.obj
d:\project\gitworkspace\leetcode\array\array\debug\035_searchinsertposition.obj
d:\project\gitworkspace\leetcode\array\array\debug\039_combinationsum.obj
d:\project\gitworkspace\leetcode\array\array\debug\040_combinationsum.obj
d:\project\gitworkspace\leetcode\array\debug\array.ilk
d:\project\gitworkspace\leetcode\array\debug\array.exe
d:\project\gitworkspace\leetcode\array\debug\array.pdb
d:\project\gitworkspace\leetcode\array\array\debug\004_medianoftwosortedarrays.obj.enc
d:\project\gitworkspace\leetcode\array\array\debug\016_3sumclosest.obj.enc
d:\project\gitworkspace\leetcode\array\array\debug\039_combinationsum.obj.enc
d:\project\gitworkspace\leetcode\array\array\debug\array.tlog\cl.command.1.tlog
d:\project\gitworkspace\leetcode\array\array\debug\array.tlog\cl.read.1.tlog
d:\project\gitworkspace\leetcode\array\array\debug\array.tlog\cl.write.1.tlog
d:\project\gitworkspace\leetcode\array\array\debug\array.tlog\link.command.1.tlog
d:\project\gitworkspace\leetcode\array\array\debug\array.tlog\link.read.1.tlog
d:\project\gitworkspace\leetcode\array\array\debug\array.tlog\link.write.1.tlog
