d:\dev\projects\gitworkspace\leetcode\array\string\debug\vc141.pdb
d:\dev\projects\gitworkspace\leetcode\array\string\debug\vc141.idb
d:\dev\projects\gitworkspace\leetcode\array\string\debug\521_longestuncommonsubsequencei.obj
d:\dev\projects\gitworkspace\leetcode\array\string\debug\438_findallanagramsinastring.obj
d:\dev\projects\gitworkspace\leetcode\array\string\debug\344_reversestring.obj
d:\dev\projects\gitworkspace\leetcode\array\string\debug\010_regularexpressionmatching.obj
d:\dev\projects\gitworkspace\leetcode\array\string\debug\038_countandsay.obj
d:\dev\projects\gitworkspace\leetcode\array\string\debug\032_longestvalidparentheses.obj
d:\dev\projects\gitworkspace\leetcode\array\string\debug\030_substringwithconcatenationofallwords.obj
d:\dev\projects\gitworkspace\leetcode\array\string\debug\028_implementstrstr.obj
d:\dev\projects\gitworkspace\leetcode\array\string\debug\022_generateparentheses.obj
d:\dev\projects\gitworkspace\leetcode\array\string\debug\020_validparentheses.obj
d:\dev\projects\gitworkspace\leetcode\array\string\debug\008_stringtointeger.obj
d:\dev\projects\gitworkspace\leetcode\array\string\debug\005_longestpalindromicsubstring.obj
d:\dev\projects\gitworkspace\leetcode\array\string\debug\003_longestsubstringwithoutrepeatingcharacters.obj
d:\dev\projects\gitworkspace\leetcode\array\debug\string.pdb
d:\dev\projects\gitworkspace\leetcode\array\string\debug\string.tlog\cl.command.1.tlog
d:\dev\projects\gitworkspace\leetcode\array\string\debug\string.tlog\cl.read.1.tlog
d:\dev\projects\gitworkspace\leetcode\array\string\debug\string.tlog\cl.write.1.tlog
d:\dev\projects\gitworkspace\leetcode\array\string\debug\string.tlog\link-cvtres.read.1.tlog
d:\dev\projects\gitworkspace\leetcode\array\string\debug\string.tlog\link-cvtres.write.1.tlog
d:\dev\projects\gitworkspace\leetcode\array\string\debug\string.tlog\link-rc.read.1.tlog
d:\dev\projects\gitworkspace\leetcode\array\string\debug\string.tlog\link-rc.write.1.tlog
d:\dev\projects\gitworkspace\leetcode\array\string\debug\string.tlog\link.command.1.tlog
d:\dev\projects\gitworkspace\leetcode\array\string\debug\string.tlog\link.read.1.tlog
d:\dev\projects\gitworkspace\leetcode\array\string\debug\string.tlog\link.write.1.tlog
